<?xml version="1.0" encoding="UTF-8"?>
<testng-results ignored="0" total="2" passed="2" failed="0" skipped="0">
  <reporter-output>
  </reporter-output>
  <suite started-at="2022-02-09T15:38:03 IST" name="Default suite" finished-at="2022-02-09T15:38:16 IST" duration-ms="13453">
    <groups>
    </groups>
    <test started-at="2022-02-09T15:38:03 IST" name="Default test" finished-at="2022-02-09T15:38:16 IST" duration-ms="13453">
      <class name="framework.Assertion">
        <test-method is-config="true" signature="BeforeTest()[pri:0, instance:framework.Assertion@76b1e9b8]" started-at="2022-02-09T15:38:03 IST" name="BeforeTest" finished-at="2022-02-09T15:38:12 IST" duration-ms="9212" status="PASS">
          <reporter-output>
          </reporter-output>
        </test-method> <!-- BeforeTest -->
        <test-method signature="verifyTitleTrue()[pri:0, instance:framework.Assertion@76b1e9b8]" started-at="2022-02-09T15:38:12 IST" name="verifyTitleTrue" finished-at="2022-02-09T15:38:12 IST" duration-ms="14" status="PASS">
          <reporter-output>
          </reporter-output>
        </test-method> <!-- verifyTitleTrue -->
        <test-method signature="verifyTitlefalse()[pri:0, instance:framework.Assertion@76b1e9b8]" started-at="2022-02-09T15:38:12 IST" name="verifyTitlefalse" finished-at="2022-02-09T15:38:12 IST" duration-ms="7" status="PASS">
          <reporter-output>
          </reporter-output>
        </test-method> <!-- verifyTitlefalse -->
        <test-method is-config="true" signature="closedriver()[pri:0, instance:framework.Assertion@76b1e9b8]" started-at="2022-02-09T15:38:12 IST" name="closedriver" finished-at="2022-02-09T15:38:16 IST" duration-ms="4191" status="PASS">
          <reporter-output>
          </reporter-output>
        </test-method> <!-- closedriver -->
      </class> <!-- framework.Assertion -->
    </test> <!-- Default test -->
  </suite> <!-- Default suite -->
</testng-results>
