<?xml version="1.0" encoding="UTF-8"?>
<testng-results ignored="0" total="1" passed="1" failed="0" skipped="0">
  <reporter-output>
  </reporter-output>
  <suite started-at="2022-02-09T18:27:25 IST" name="Default suite" finished-at="2022-02-09T18:27:44 IST" duration-ms="19125">
    <groups>
    </groups>
    <test started-at="2022-02-09T18:27:25 IST" name="Default test" finished-at="2022-02-09T18:27:44 IST" duration-ms="19125">
      <class name="ChromeBrowser.Googlesearch">
        <test-method is-config="true" signature="demo()[pri:0, instance:ChromeBrowser.Googlesearch@60099951]" started-at="2022-02-09T18:27:25 IST" name="demo" finished-at="2022-02-09T18:27:37 IST" duration-ms="12741" status="PASS">
          <reporter-output>
          </reporter-output>
        </test-method> <!-- demo -->
        <test-method signature="search()[pri:0, instance:ChromeBrowser.Googlesearch@60099951]" started-at="2022-02-09T18:27:38 IST" name="search" finished-at="2022-02-09T18:27:43 IST" duration-ms="5268" status="PASS">
          <reporter-output>
          </reporter-output>
        </test-method> <!-- search -->
        <test-method is-config="true" signature="close()[pri:0, instance:ChromeBrowser.Googlesearch@60099951]" started-at="2022-02-09T18:27:43 IST" name="close" finished-at="2022-02-09T18:27:44 IST" duration-ms="1039" status="PASS">
          <reporter-output>
          </reporter-output>
        </test-method> <!-- close -->
      </class> <!-- ChromeBrowser.Googlesearch -->
    </test> <!-- Default test -->
  </suite> <!-- Default suite -->
</testng-results>
